29/01 18:25:12  INFO com.intellij.internal.statistic.uploader - Process started with '--ide-token /home/tarde/.cache/JetBrains/IntelliJIdea2023.3/token --recorders FUS;MP --device-fus 13092331c69032f-06f8-4dcb-9f80-a84131d6355b --bucket-fus 248 --machine-fus 873b343a8d4cfea5a4ca9a9bf49b0620f57abfc8ec8e60d295629075edbf2d88 --id-revision-fus 0 --files-fus /home/tarde/.cache/JetBrains/IntelliJIdea2023.3/event-log-data/logs/FUS/42aa-45bf-bda8-87407e3f0bea-233.14015.106-release.log --escape-fus true --device-mp 15012438182cd62-8b44-4869-b8ab-cb59f6686659 --bucket-mp 5 --machine-mp 9cb1009c7d91bd4d9bee65ed37afbbbf35c2127c337572004e725858038d500e --id-revision-mp 0 --files-mp  --escape-mp true --url https://resources.jetbrains.com/storage/fus/config/v4/%s/%s.json --product IU --product-version 2023.3.3 --baseline-version 233 --user-agent IntelliJ IDEA/233.14015.106 --extra-headers '
29/01 18:25:12  INFO com.intellij.internal.statistic.uploader - Classpath:/snap/intellij-idea-ultimate/473/lib/util-8.jar:/snap/intellij-idea-ultimate/473/lib/annotations.jar:/snap/intellij-idea-ultimate/473/lib/lib-client.jar:/snap/intellij-idea-ultimate/473/lib/stats.jar
29/01 18:25:12  INFO com.intellij.internal.statistic.uploader.events - 1706552712096 STARTED ALL
29/01 18:25:12  INFO com.intellij.internal.statistic.uploader - IDE token file: /home/tarde/.cache/JetBrains/IntelliJIdea2023.3/token
29/01 18:25:12  INFO com.intellij.internal.statistic.uploader - [FUS] Start uploading...
29/01 18:25:12  INFO com.intellij.internal.statistic.uploader - [MP] Start uploading...
29/01 18:25:12  INFO com.intellij.internal.statistic.uploader - [MP] {product:IU, productVersion:2023.3.3, userAgent:IntelliJ IDEA/233.14015.106(External), url: https://resources.jetbrains.com/storage/fus/config/v4/%s/%s.json, internal:false, isTestConfig:false, isTestSendEndpoint:false}
29/01 18:25:12  INFO com.intellij.internal.statistic.uploader - [FUS] {product:IU, productVersion:2023.3.3, userAgent:IntelliJ IDEA/233.14015.106(External), url: https://resources.jetbrains.com/storage/fus/config/v4/%s/%s.json, internal:false, isTestConfig:false, isTestSendEndpoint:false}
29/01 18:25:12  INFO com.intellij.internal.statistic.uploader - [FUS] {recorder:FUS, files:/home/tarde/.cache/JetBrains/IntelliJIdea2023.3/event-log-data/logs/FUS/42aa-45bf-bda8-87407e3f0bea-233.14015.106-release.log}
29/01 18:25:12  INFO com.intellij.internal.statistic.uploader - [MP] {recorder:MP, files:}
29/01 18:25:12  INFO com.intellij.internal.statistic.uploader - [FUS] {device:13092331c69032f-06f8-4dcb-9f80-a84131d6355b, bucket:248}
29/01 18:25:12  INFO com.intellij.internal.statistic.uploader - [MP] {device:15012438182cd62-8b44-4869-b8ab-cb59f6686659, bucket:5}
29/01 18:25:12  INFO com.intellij.internal.statistic.uploader.events - 1706552712132 FINISHED MP NOTHING_TO_SEND
29/01 18:25:12 FINER com.intellij.internal.statistic.uploader - [MP] Uploading finished with NOTHING_TO_SEND
29/01 18:25:12 FINER com.intellij.internal.statistic.uploader - [MP] No files to send
29/01 18:25:13 FINER com.intellij.internal.statistic.uploader - 42aa-45bf-bda8-87407e3f0bea-233.14015.106-release.log -> {"Encrypted":false,"FailedPutCount":0,"RequestResponses":[{"RecordId":"3PHb+byly72KEIbV42UgrLxKMPlC8S/lgsRok/bOTZQe48S92bNoC4kkP0JVv+Hfai/AzdbFMgitXo5E0ykzkNTIEgz65itJMiNOCrQX8GVcifAbPZdo3eI1NglpOw6ikS93WpZK1Q1z00fjXlUeH1Bw1OXmqqEWJWJ/ZHcdhf9p/xKMsPKL5+7IeATUVSTziZHOR09GqOHKyBolijgZbyVhO+Hv6xZP"}]}
29/01 18:25:13 FINER com.intellij.internal.statistic.uploader - Removed sent log: 42aa-45bf-bda8-87407e3f0bea-233.14015.106-release.log
29/01 18:25:13  INFO com.intellij.internal.statistic.uploader.events - 1706552713521 SEND FUS 1 0 1 [L2hvbWUvdGFyZGUvLmNhY2hlL0pldEJyYWlucy9JbnRlbGxpSklkZWEyMDIzLjMvZXZlbnQtbG9nLWRhdGEvbG9ncy9GVVMvNDJhYS00NWJmLWJkYTgtODc0MDdlM2YwYmVhLTIzMy4xNDAxNS4xMDYtcmVsZWFzZS5sb2c=] []
29/01 18:25:13  INFO com.intellij.internal.statistic.uploader.events - 1706552713525 FINISHED FUS
29/01 18:25:13 FINER com.intellij.internal.statistic.uploader - [FUS] Uploading finished with SEND
29/01 18:25:13 FINER com.intellij.internal.statistic.uploader - [FUS] Uploaded 1 files.
